<?xml version="1.0" encoding="UTF-8"?>
<!-- Generated by org.testng.reporters.JUnitXMLReporter -->
<testsuite hostname="DESKTOP-SV604MU" ignored="0" name="chromeTest" tests="1" failures="1" timestamp="19 Jan 2021 06:02:14 GMT" time="37.799" errors="0">
  <testcase name="tc1" time="37.711" classname="org.testng.Task4">
    <failure type="java.lang.AssertionError" message="check the password expected [true] but found [false]">
      <![CDATA[java.lang.AssertionError: check the password expected [true] but found [false]
at java.util.concurrent.FutureTask.run(Unknown Source)
at java.util.concurrent.ThreadPoolExecutor.runWorker(Unknown Source)
at java.util.concurrent.ThreadPoolExecutor$Worker.run(Unknown Source)
at java.lang.Thread.run(Unknown Source)
... Removed 20 stack frames]]>
    </failure>
  </testcase> <!-- tc1 -->
</testsuite> <!-- chromeTest -->
