<?xml version="1.0" encoding="UTF-8"?>
<!-- Generated by org.testng.reporters.JUnitXMLReporter -->
<testsuite hostname="DESKTOP-SV604MU" ignored="0" name="Test" tests="4" failures="1" timestamp="21 Jan 2021 07:15:31 GMT" time="245.706" errors="0">
  <testcase name="tc1" time="54.493" classname="org.testng.AmazonProjt">
    <skipped/>
  </testcase> <!-- tc1 -->
  <testcase name="tc1" time="39.496" classname="org.testng.AmazonProjt">
    <skipped/>
  </testcase> <!-- tc1 -->
  <testcase name="tc1" time="74.245" classname="org.testng.AmazonProjt">
    <skipped/>
  </testcase> <!-- tc1 -->
  <testcase name="tc1" time="77.288" classname="org.testng.AmazonProjt">
    <failure type="java.lang.AssertionError" message="check the search item expected [phone] but found [iphone]">
      <![CDATA[java.lang.AssertionError: check the search item expected [phone] but found [iphone]
... Removed 31 stack frames]]>
    </failure>
  </testcase> <!-- tc1 -->
</testsuite> <!-- Test -->
